<?xml version="1.0" encoding="UTF-8"?>
<testng-results skipped="0" failed="0" ignored="0" total="1" passed="1">
  <reporter-output>
  </reporter-output>
  <suite name="Suite" duration-ms="39569" started-at="2021-12-30T19:42:10 CST" finished-at="2021-12-30T19:42:50 CST">
    <groups>
    </groups>
    <test name="Chrome_Result" duration-ms="39569" started-at="2021-12-30T19:42:10 CST" finished-at="2021-12-30T19:42:50 CST">
      <class name="com.testscenario.BlazeDemo">
        <test-method status="PASS" signature="initliaze(java.lang.String)[pri:0, instance:com.testscenario.BlazeDemo@1cd19b3]" name="initliaze" is-config="true" duration-ms="2511" started-at="2021-12-30T19:42:10 CST" finished-at="2021-12-30T19:42:13 CST">
          <params>
            <param index="0">
              <value>
                <![CDATA[chrome]]>
              </value>
            </param>
          </params>
          <reporter-output>
          </reporter-output>
        </test-method> <!-- initliaze -->
        <test-method status="PASS" signature="init()[pri:0, instance:com.testscenario.BlazeDemo@1cd19b3]" name="init" duration-ms="37011" started-at="2021-12-30T19:42:13 CST" finished-at="2021-12-30T19:42:50 CST">
          <reporter-output>
          </reporter-output>
        </test-method> <!-- init -->
      </class> <!-- com.testscenario.BlazeDemo -->
    </test> <!-- Chrome_Result -->
  </suite> <!-- Suite -->
</testng-results>
